2022-10-27 13:10:833 INFO  HomePage :89 - Click on Got it button to accept cookies : [[ChromeDriver: chrome on WINDOWS (cde769b2ff8bab856734714c10af0eec)] -> xpath: //button[contains(text(),'Got it')]]
2022-10-27 13:10:322 INFO  HomePage :83 - Get Date from the webpage :[[ChromeDriver: chrome on WINDOWS (cde769b2ff8bab856734714c10af0eec)] -> css selector: body div[id='top'] div[id='page-container'] div[class='page-header bdrgr2'] div[id='weather-wrapper'] strong:nth-child(1)]
2022-10-27 13:10:356 INFO  HomePage :62 - click on sport menu : [[ChromeDriver: chrome on WINDOWS (cde769b2ff8bab856734714c10af0eec)] -> xpath: //ul[@class='nav-primary cleared bdrgr3 cnr5']//a[normalize-space()='Sport']]
2022-10-27 13:10:428 INFO  HomePage :78 - Navigate to sport menu and get colour background : [[ChromeDriver: chrome on WINDOWS (cde769b2ff8bab856734714c10af0eec)] -> xpath: //ul[@class='nav-primary cleared bdrgr3 cnr5']//a[normalize-space()='Sport']]
2022-10-27 13:10:594 INFO  HomePage :73 - Navigate to football submenu and get colour background : [[ChromeDriver: chrome on WINDOWS (cde769b2ff8bab856734714c10af0eec)] -> xpath: //div[@class='sport nav-secondary-container']//div[@class='nav-secondary wocc link-lccox cleared bdrgr3']]
2022-10-27 13:10:733 INFO  HomePage :68 - click on football menu : [[ChromeDriver: chrome on WINDOWS (cde769b2ff8bab856734714c10af0eec)] -> xpath: //a[normalize-space()='Football']]
2022-10-27 13:10:698 INFO  ArticlePage :129 - Get image count from gallery icon : [[ChromeDriver: chrome on WINDOWS (cde769b2ff8bab856734714c10af0eec)] -> xpath: (//button//div[contains(text(),'View gallery')])//preceding-sibling::div]
2022-10-27 13:10:838 INFO  ArticlePage :169 - Click on Gallery Icon : [[ChromeDriver: chrome on WINDOWS (cde769b2ff8bab856734714c10af0eec)] -> xpath: (//button//div[contains(text(),'View gallery')])//preceding-sibling::div]
2022-10-27 13:10:145 INFO  ArticlePage :137 - Get image count from gallery icon : [[ChromeDriver: chrome on WINDOWS (cde769b2ff8bab856734714c10af0eec)] -> xpath: //div[@class='counter-1RYOX']]
2022-10-27 13:10:267 INFO  ArticlePage :158 - Click on Next Arrow of Gallery : [[ChromeDriver: chrome on WINDOWS (cde769b2ff8bab856734714c10af0eec)] -> xpath: //button[@aria-label='Next']]
2022-10-27 13:10:749 INFO  ArticlePage :144 - Get image count from gallery icon : [[ChromeDriver: chrome on WINDOWS (cde769b2ff8bab856734714c10af0eec)] -> xpath: //div[@class='counter-1RYOX']]
2022-10-27 13:10:813 INFO  ArticlePage :163 - Click on Previous Arrow of Gallery : [[ChromeDriver: chrome on WINDOWS (cde769b2ff8bab856734714c10af0eec)] -> xpath: //button[@aria-label='Previous']]
2022-10-27 13:10:231 INFO  ArticlePage :151 - Get image count from gallery icon : [[ChromeDriver: chrome on WINDOWS (cde769b2ff8bab856734714c10af0eec)] -> xpath: //div[@class='counter-1RYOX']]
2022-10-27 13:10:289 INFO  ArticlePage :94 - Click on close button of Gallery : [[ChromeDriver: chrome on WINDOWS (cde769b2ff8bab856734714c10af0eec)] -> xpath: //button[@aria-label='Close']]
2022-10-27 13:10:639 INFO  ArticlePage :84 - Click on Facebook ICon : [[ChromeDriver: chrome on WINDOWS (cde769b2ff8bab856734714c10af0eec)] -> xpath: (//li[@class='linkItem-2NXrW shareIcon-8A2dW'])[1]]
2022-10-27 13:10:03 INFO  ArticlePage :100 - Click on Expand Video Button : 
2022-10-27 13:10:70 INFO  ArticlePage :212 - Point table : [[ChromeDriver: chrome on WINDOWS (cde769b2ff8bab856734714c10af0eec)] -> xpath: //table[@cellspacing='0']]
2022-10-27 13:10:309 INFO  ArticlePage :206 - Get team details : By.xpath: (//td[contains(text(),'Liverpool')]//ancestor::tr)[1]
2022-10-27 13:10:175 INFO  HomePage :89 - Click on Got it button to accept cookies : [[ChromeDriver: chrome on WINDOWS (b2b030327a6a1bcdc160421847577862)] -> xpath: //button[contains(text(),'Got it')]]
2022-10-27 13:10:436 INFO  HomePage :83 - Get Date from the webpage :[[ChromeDriver: chrome on WINDOWS (b2b030327a6a1bcdc160421847577862)] -> css selector: body div[id='top'] div[id='page-container'] div[class='page-header bdrgr2'] div[id='weather-wrapper'] strong:nth-child(1)]
2022-10-27 13:10:466 INFO  HomePage :62 - click on sport menu : [[ChromeDriver: chrome on WINDOWS (b2b030327a6a1bcdc160421847577862)] -> xpath: //ul[@class='nav-primary cleared bdrgr3 cnr5']//a[normalize-space()='Sport']]
2022-10-27 13:10:06 INFO  HomePage :78 - Navigate to sport menu and get colour background : [[ChromeDriver: chrome on WINDOWS (b2b030327a6a1bcdc160421847577862)] -> xpath: //ul[@class='nav-primary cleared bdrgr3 cnr5']//a[normalize-space()='Sport']]
2022-10-27 13:10:40 INFO  HomePage :73 - Navigate to football submenu and get colour background : [[ChromeDriver: chrome on WINDOWS (b2b030327a6a1bcdc160421847577862)] -> xpath: //div[@class='sport nav-secondary-container']//div[@class='nav-secondary wocc link-lccox cleared bdrgr3']]
2022-10-27 13:10:117 INFO  HomePage :68 - click on football menu : [[ChromeDriver: chrome on WINDOWS (b2b030327a6a1bcdc160421847577862)] -> xpath: //a[normalize-space()='Football']]
2022-10-27 13:10:148 INFO  ArticlePage :129 - Get image count from gallery icon : [[ChromeDriver: chrome on WINDOWS (b2b030327a6a1bcdc160421847577862)] -> xpath: (//button//div[contains(text(),'View gallery')])//preceding-sibling::div]
2022-10-27 13:10:585 INFO  ArticlePage :169 - Click on Gallery Icon : [[ChromeDriver: chrome on WINDOWS (b2b030327a6a1bcdc160421847577862)] -> xpath: (//button//div[contains(text(),'View gallery')])//preceding-sibling::div]
2022-10-27 13:10:951 INFO  ArticlePage :137 - Get image count from gallery icon : [[ChromeDriver: chrome on WINDOWS (b2b030327a6a1bcdc160421847577862)] -> xpath: //div[@class='counter-1RYOX']]
2022-10-27 13:10:980 INFO  ArticlePage :158 - Click on Next Arrow of Gallery : [[ChromeDriver: chrome on WINDOWS (b2b030327a6a1bcdc160421847577862)] -> xpath: //button[@aria-label='Next']]
2022-10-27 13:10:30 INFO  ArticlePage :144 - Get image count from gallery icon : [[ChromeDriver: chrome on WINDOWS (b2b030327a6a1bcdc160421847577862)] -> xpath: //div[@class='counter-1RYOX']]
2022-10-27 13:10:293 INFO  ArticlePage :163 - Click on Previous Arrow of Gallery : [[ChromeDriver: chrome on WINDOWS (b2b030327a6a1bcdc160421847577862)] -> xpath: //button[@aria-label='Previous']]
2022-10-27 13:10:373 INFO  ArticlePage :151 - Get image count from gallery icon : [[ChromeDriver: chrome on WINDOWS (b2b030327a6a1bcdc160421847577862)] -> xpath: //div[@class='counter-1RYOX']]
2022-10-27 13:10:558 INFO  ArticlePage :94 - Click on close button of Gallery : [[ChromeDriver: chrome on WINDOWS (b2b030327a6a1bcdc160421847577862)] -> xpath: //button[@aria-label='Close']]
2022-10-27 13:10:99 INFO  ArticlePage :84 - Click on Facebook ICon : [[ChromeDriver: chrome on WINDOWS (b2b030327a6a1bcdc160421847577862)] -> xpath: (//li[@class='linkItem-2NXrW shareIcon-8A2dW'])[1]]
2022-10-27 13:10:425 INFO  ArticlePage :100 - Click on Expand Video Button : 
2022-10-27 13:10:875 INFO  ArticlePage :212 - Point table : [[ChromeDriver: chrome on WINDOWS (b2b030327a6a1bcdc160421847577862)] -> xpath: //table[@cellspacing='0']]
2022-10-27 13:10:85 INFO  ArticlePage :206 - Get team details : By.xpath: (//td[contains(text(),'Liverpool')]//ancestor::tr)[1]
